mode: set
latihan-go-basic/01-syauqi-amiq.go:5.13,10.2 3 0
latihan-go-basic/01-syauqi-amiq.go:14.39,15.32 1 1
latihan-go-basic/01-syauqi-amiq.go:27.2,27.13 1 1
latihan-go-basic/01-syauqi-amiq.go:15.32,20.34 2 1
latihan-go-basic/01-syauqi-amiq.go:20.34,23.4 1 1
latihan-go-basic/02-syauqi-amiq.go:4.39,5.14 1 1
latihan-go-basic/02-syauqi-amiq.go:6.34,7.15 1 1
latihan-go-basic/02-syauqi-amiq.go:8.34,9.15 1 0
latihan-go-basic/02-syauqi-amiq.go:10.34,11.15 1 0
latihan-go-basic/02-syauqi-amiq.go:12.34,13.15 1 0
latihan-go-basic/02-syauqi-amiq.go:14.34,15.15 1 0
latihan-go-basic/02-syauqi-amiq.go:16.10,17.14 1 0
