mode: set
github.com/thejatmik-edspert/tutorial-go/golang-basic/latihan/02-jatmika-teja.go:10.46,11.20 1 1
github.com/thejatmik-edspert/tutorial-go/golang-basic/latihan/02-jatmika-teja.go:15.2,15.20 1 1
github.com/thejatmik-edspert/tutorial-go/golang-basic/latihan/02-jatmika-teja.go:18.2,18.26 1 1
github.com/thejatmik-edspert/tutorial-go/golang-basic/latihan/02-jatmika-teja.go:24.2,34.17 4 1
github.com/thejatmik-edspert/tutorial-go/golang-basic/latihan/02-jatmika-teja.go:11.20,13.3 1 1
github.com/thejatmik-edspert/tutorial-go/golang-basic/latihan/02-jatmika-teja.go:15.20,17.3 1 1
github.com/thejatmik-edspert/tutorial-go/golang-basic/latihan/02-jatmika-teja.go:18.26,19.27 1 1
github.com/thejatmik-edspert/tutorial-go/golang-basic/latihan/02-jatmika-teja.go:19.27,21.4 1 1
github.com/thejatmik-edspert/tutorial-go/golang-basic/latihan/02-jatmika-teja.go:37.15,44.16 5 0
github.com/thejatmik-edspert/tutorial-go/golang-basic/latihan/02-jatmika-teja.go:44.16,46.3 1 0
github.com/thejatmik-edspert/tutorial-go/golang-basic/latihan/02-jatmika-teja.go:46.8,47.13 1 0
github.com/thejatmik-edspert/tutorial-go/golang-basic/latihan/02-jatmika-teja.go:47.13,49.4 1 0
github.com/thejatmik-edspert/tutorial-go/golang-basic/latihan/02-jatmika-teja.go:49.9,51.4 1 0
github.com/thejatmik-edspert/tutorial-go/golang-basic/latihan/main.go:5.13,17.8 8 0
github.com/thejatmik-edspert/tutorial-go/golang-basic/latihan/main.go:17.8,19.3 1 0
github.com/thejatmik-edspert/tutorial-go/golang-basic/latihan/01-jatmika-teja.go:7.47,9.16 2 1
github.com/thejatmik-edspert/tutorial-go/golang-basic/latihan/01-jatmika-teja.go:13.2,23.25 8 1
github.com/thejatmik-edspert/tutorial-go/golang-basic/latihan/01-jatmika-teja.go:27.2,27.41 1 1
github.com/thejatmik-edspert/tutorial-go/golang-basic/latihan/01-jatmika-teja.go:9.16,11.3 1 1
github.com/thejatmik-edspert/tutorial-go/golang-basic/latihan/01-jatmika-teja.go:23.25,25.3 1 1
github.com/thejatmik-edspert/tutorial-go/golang-basic/latihan/01-jatmika-teja.go:30.15,35.16 5 0
github.com/thejatmik-edspert/tutorial-go/golang-basic/latihan/01-jatmika-teja.go:35.16,37.3 1 0
github.com/thejatmik-edspert/tutorial-go/golang-basic/latihan/01-jatmika-teja.go:37.8,39.3 1 0
